a:\dev\catenginerewrite\catengine\bin-int\debug\vc143.pdb
a:\dev\catenginerewrite\catengine\bin-int\debug\vc143.idb
a:\dev\catenginerewrite\catengine\bin-int\debug\vertexbuffer.obj
a:\dev\catenginerewrite\catengine\bin-int\debug\main.obj
a:\dev\catenginerewrite\catengine\bin-int\debug\glad.obj
a:\dev\catenginerewrite\catengine\bin-int\debug\shader.obj
a:\dev\catenginerewrite\catengine\bin-int\debug\catengine.ilk
a:\dev\catenginerewrite\catengine\bin\debug\catengine.pdb
a:\dev\catenginerewrite\catengine\bin-int\debug\catengine.vcxproj.filelistabsolute.txt
a:\dev\catenginerewrite\catengine\bin-int\debug\catengine.tlog\cl.command.1.tlog
a:\dev\catenginerewrite\catengine\bin-int\debug\catengine.tlog\cl.items.tlog
a:\dev\catenginerewrite\catengine\bin-int\debug\catengine.tlog\cl.read.1.tlog
a:\dev\catenginerewrite\catengine\bin-int\debug\catengine.tlog\cl.write.1.tlog
a:\dev\catenginerewrite\catengine\bin-int\debug\catengine.tlog\link.14904-cvtres.read.1.tlog
a:\dev\catenginerewrite\catengine\bin-int\debug\catengine.tlog\link.14904-cvtres.write.1.tlog
a:\dev\catenginerewrite\catengine\bin-int\debug\catengine.tlog\link.14904-rc.read.1.tlog
a:\dev\catenginerewrite\catengine\bin-int\debug\catengine.tlog\link.14904-rc.write.1.tlog
a:\dev\catenginerewrite\catengine\bin-int\debug\catengine.tlog\link.14904.read.1.tlog
a:\dev\catenginerewrite\catengine\bin-int\debug\catengine.tlog\link.14904.read.2.tlog
a:\dev\catenginerewrite\catengine\bin-int\debug\catengine.tlog\link.14904.write.1.tlog
a:\dev\catenginerewrite\catengine\bin-int\debug\catengine.tlog\link.command.1.tlog
a:\dev\catenginerewrite\catengine\bin-int\debug\catengine.tlog\link.read.1.tlog
a:\dev\catenginerewrite\catengine\bin-int\debug\catengine.tlog\link.secondary.1.tlog
a:\dev\catenginerewrite\catengine\bin-int\debug\catengine.tlog\link.write.1.tlog
